<?xml version="1.0" encoding="UTF-8"?>
<!-- Generated by org.testng.reporters.JUnitXMLReporter -->
<testsuite ignored="0" hostname="LAPTOP-RCPBVN47" failures="0" tests="3" name="CreateAccountsTest" time="83.192" errors="0" timestamp="2021-06-21T16:22:17 UYT">
  <testcase classname="test.Excercisev1PageFactory.CreateAccountsTest" name="CreateRecords" time="25.82"/>
  <testcase classname="test.Excercisev1PageFactory.CreateAccountsTest" name="CreateRecords" time="20.162"/>
  <testcase classname="test.Excercisev1PageFactory.CreateAccountsTest" name="CreateNullAccount" time="3.375"/>
</testsuite> <!-- CreateAccountsTest -->
