<?xml version="1.0" encoding="UTF-8"?>
<!-- Generated by org.testng.reporters.JUnitXMLReporter -->
<testsuite ignored="0" hostname="LAPTOP-RCPBVN47" failures="0" tests="2" name="ModifyAccountTest" time="52.992" errors="0" timestamp="2021-06-09T16:17:38 UYT">
  <testcase classname="test.Excercisev1PageFactory.ModifyAccountTest" name="ModifyAccount" time="19.127"/>
  <testcase classname="test.Excercisev1PageFactory.ModifyAccountTest" name="InvalidModification" time="6.33"/>
</testsuite> <!-- ModifyAccountTest -->
