<?xml version="1.0" encoding="UTF-8"?>
<!-- Generated by org.testng.reporters.JUnitXMLReporter -->
<testsuite ignored="0" hostname="LAPTOP-RCPBVN47" failures="0" tests="2" name="ModifyAccountTest" time="53.074" errors="0" timestamp="2021-06-21T16:23:59 UYT">
  <testcase classname="test.Excercisev1PageFactory.ModifyAccountTest" name="ModifyAccount" time="24.308"/>
  <testcase classname="test.Excercisev1PageFactory.ModifyAccountTest" name="InvalidModification" time="5.559"/>
</testsuite> <!-- ModifyAccountTest -->
