<?xml version="1.0" encoding="UTF-8"?>
<!-- Generated by org.testng.reporters.JUnitXMLReporter -->
<testsuite ignored="0" hostname="LAPTOP-RCPBVN47" failures="0" tests="1" name="Test" time="7.65" errors="0" timestamp="2021-06-09T10:25:25 UYT">
  <testcase classname="test.Excercisev1PageFactory.HomePageTest" name="@BeforeTest BuildDriver" time="7.405">
    <failure type="java.lang.NullPointerException" message="Cannot invoke &amp;quot;java.util.Properties.getProperty(String)&amp;quot; because &amp;quot;this.prop&amp;quot; is null">
      <![CDATA[java.lang.NullPointerException: Cannot invoke "java.util.Properties.getProperty(String)" because "this.prop" is null
at resources.Base.GetURL(Base.java:53)
at test.Excercisev1PageFactory.HomePageTest.BuildDriver(HomePageTest.java:25)
... Removed 24 stack frames]]>
    </failure>
  </testcase> <!-- @BeforeTest BuildDriver -->
  <testcase classname="test.Excercisev1PageFactory.HomePageTest" name="NavigateToService" time="0.0">
    <skipped/>
  </testcase> <!-- NavigateToService -->
</testsuite> <!-- Test -->
