<?xml version="1.0" encoding="UTF-8"?>
<!-- Generated by org.testng.reporters.JUnitXMLReporter -->
<testsuite ignored="0" hostname="LAPTOP-RCPBVN47" failures="0" tests="3" name="CreateAccountsTest" time="80.09" errors="0" timestamp="2021-06-09T15:54:06 UYT">
  <testcase classname="test.Excercisev1PageFactory.CreateAccountsTest" name="CreateRecords" time="25.43"/>
  <testcase classname="test.Excercisev1PageFactory.CreateAccountsTest" name="CreateRecords" time="21.005"/>
  <testcase classname="test.Excercisev1PageFactory.CreateAccountsTest" name="CreateNullAccount" time="3.299"/>
</testsuite> <!-- CreateAccountsTest -->
