<?xml version="1.0" encoding="UTF-8"?>
<testng-results ignored="0" total="6" passed="5" failed="1" skipped="0">
  <reporter-output>
  </reporter-output>
  <suite started-at="2021-06-18T12:56:53 UYT" name="Suite" finished-at="2021-06-18T13:04:12 UYT" duration-ms="438591">
    <groups>
      <group name="cucumber">
        <method signature="AbstractTestNGCucumberTests.runScenario(io.cucumber.testng.PickleWrapper,io.cucumber.testng.FeatureWrapper)[pri:0, instance:test.Excercisev1PageFactory.TestRunner@1b1473ab]" name="runScenario" class="io.cucumber.testng.AbstractTestNGCucumberTests"/>
      </group> <!-- cucumber -->
    </groups>
    <test started-at="2021-06-18T12:56:53 UYT" name="NavigateToServiceTest" finished-at="2021-06-18T13:04:12 UYT" duration-ms="438591">
      <class name="test.Excercisev1PageFactory.TestRunner">
        <test-method is-config="true" signature="setUpClass()[pri:0, instance:test.Excercisev1PageFactory.TestRunner@1b1473ab]" started-at="2021-06-18T12:56:53 UYT" name="setUpClass" finished-at="2021-06-18T12:56:54 UYT" duration-ms="1243" status="PASS">
          <reporter-output>
          </reporter-output>
        </test-method> <!-- setUpClass -->
        <test-method signature="runScenario(io.cucumber.testng.PickleWrapper,io.cucumber.testng.FeatureWrapper)[pri:0, instance:test.Excercisev1PageFactory.TestRunner@1b1473ab]" started-at="2021-06-18T12:56:54 UYT" name="runScenario" description="Runs Cucumber Scenarios" data-provider="scenarios" finished-at="2021-06-18T12:58:44 UYT" duration-ms="109381" status="PASS">
          <params>
            <param index="0">
              <value>
                <![CDATA["Valid login and navigation action"]]>
              </value>
            </param>
            <param index="1">
              <value>
                <![CDATA["Optional[Login action implementation]"]]>
              </value>
            </param>
          </params>
          <reporter-output>
          </reporter-output>
        </test-method> <!-- runScenario -->
        <test-method signature="runScenario(io.cucumber.testng.PickleWrapper,io.cucumber.testng.FeatureWrapper)[pri:0, instance:test.Excercisev1PageFactory.TestRunner@1b1473ab]" started-at="2021-06-18T12:58:44 UYT" name="runScenario" description="Runs Cucumber Scenarios" data-provider="scenarios" finished-at="2021-06-18T13:00:12 UYT" duration-ms="88384" status="PASS">
          <params>
            <param index="0">
              <value>
                <![CDATA["Create accounts"]]>
              </value>
            </param>
            <param index="1">
              <value>
                <![CDATA["Optional[Create accounts implementation]"]]>
              </value>
            </param>
          </params>
          <reporter-output>
          </reporter-output>
        </test-method> <!-- runScenario -->
        <test-method signature="runScenario(io.cucumber.testng.PickleWrapper,io.cucumber.testng.FeatureWrapper)[pri:0, instance:test.Excercisev1PageFactory.TestRunner@1b1473ab]" started-at="2021-06-18T13:00:12 UYT" name="runScenario" description="Runs Cucumber Scenarios" data-provider="scenarios" finished-at="2021-06-18T13:00:51 UYT" duration-ms="38672" status="PASS">
          <params>
            <param index="0">
              <value>
                <![CDATA["Attempt to create null account"]]>
              </value>
            </param>
            <param index="1">
              <value>
                <![CDATA["Optional[Create accounts implementation]"]]>
              </value>
            </param>
          </params>
          <reporter-output>
          </reporter-output>
        </test-method> <!-- runScenario -->
        <test-method signature="runScenario(io.cucumber.testng.PickleWrapper,io.cucumber.testng.FeatureWrapper)[pri:0, instance:test.Excercisev1PageFactory.TestRunner@1b1473ab]" started-at="2021-06-18T13:00:51 UYT" name="runScenario" description="Runs Cucumber Scenarios" data-provider="scenarios" finished-at="2021-06-18T13:02:04 UYT" duration-ms="72891" status="PASS">
          <params>
            <param index="0">
              <value>
                <![CDATA["Create new contact"]]>
              </value>
            </param>
            <param index="1">
              <value>
                <![CDATA["Optional[Create contact implementation]"]]>
              </value>
            </param>
          </params>
          <reporter-output>
          </reporter-output>
        </test-method> <!-- runScenario -->
        <test-method signature="runScenario(io.cucumber.testng.PickleWrapper,io.cucumber.testng.FeatureWrapper)[pri:0, instance:test.Excercisev1PageFactory.TestRunner@1b1473ab]" started-at="2021-06-18T13:02:04 UYT" name="runScenario" description="Runs Cucumber Scenarios" data-provider="scenarios" finished-at="2021-06-18T13:03:06 UYT" duration-ms="62687" status="PASS">
          <params>
            <param index="0">
              <value>
                <![CDATA["Modify account with valid data"]]>
              </value>
            </param>
            <param index="1">
              <value>
                <![CDATA["Optional[Modify accounts]"]]>
              </value>
            </param>
          </params>
          <reporter-output>
          </reporter-output>
        </test-method> <!-- runScenario -->
        <test-method signature="runScenario(io.cucumber.testng.PickleWrapper,io.cucumber.testng.FeatureWrapper)[pri:0, instance:test.Excercisev1PageFactory.TestRunner@1b1473ab]" started-at="2021-06-18T13:03:06 UYT" name="runScenario" description="Runs Cucumber Scenarios" data-provider="scenarios" finished-at="2021-06-18T13:04:11 UYT" duration-ms="64981" status="FAIL">
          <params>
            <param index="0">
              <value>
                <![CDATA["Modify account with invalid employee number data"]]>
              </value>
            </param>
            <param index="1">
              <value>
                <![CDATA["Optional[Modify accounts]"]]>
              </value>
            </param>
          </params>
          <exception class="org.openqa.selenium.StaleElementReferenceException">
            <message>
              <![CDATA[stale element reference: element is not attached to the page document
  (Session info: chrome=91.0.4472.106)
For documentation on this error, please visit: https://www.seleniumhq.org/exceptions/stale_element_reference.html
Build info: version: '3.141.59', revision: 'e82be7d358', time: '2018-11-14T08:17:03'
System info: host: 'LAPTOP-RCPBVN47', ip: '192.168.1.2', os.name: 'Windows 10', os.arch: 'amd64', os.version: '10.0', java.version: '16.0.1'
Driver info: org.openqa.selenium.chrome.ChromeDriver
Capabilities {acceptInsecureCerts: false, browserName: chrome, browserVersion: 91.0.4472.106, chrome: {chromedriverVersion: 90.0.4430.24 (4c6d850f087da..., userDataDir: C:\Users\Leandro\AppData\Lo...}, goog:chromeOptions: {debuggerAddress: localhost:58197}, javascriptEnabled: true, networkConnectionEnabled: false, pageLoadStrategy: normal, platform: WINDOWS, platformName: WINDOWS, proxy: Proxy(), setWindowRect: true, strictFileInteractability: false, timeouts: {implicit: 0, pageLoad: 300000, script: 30000}, unhandledPromptBehavior: dismiss and notify, webauthn:extension:largeBlob: true, webauthn:virtualAuthenticators: true}
Session ID: 08d04c6717a30fca867424d12ecdece4]]>
            </message>
            <full-stacktrace>
              <![CDATA[org.openqa.selenium.StaleElementReferenceException: stale element reference: element is not attached to the page document
  (Session info: chrome=91.0.4472.106)
For documentation on this error, please visit: https://www.seleniumhq.org/exceptions/stale_element_reference.html
Build info: version: '3.141.59', revision: 'e82be7d358', time: '2018-11-14T08:17:03'
System info: host: 'LAPTOP-RCPBVN47', ip: '192.168.1.2', os.name: 'Windows 10', os.arch: 'amd64', os.version: '10.0', java.version: '16.0.1'
Driver info: org.openqa.selenium.chrome.ChromeDriver
Capabilities {acceptInsecureCerts: false, browserName: chrome, browserVersion: 91.0.4472.106, chrome: {chromedriverVersion: 90.0.4430.24 (4c6d850f087da..., userDataDir: C:\Users\Leandro\AppData\Lo...}, goog:chromeOptions: {debuggerAddress: localhost:58197}, javascriptEnabled: true, networkConnectionEnabled: false, pageLoadStrategy: normal, platform: WINDOWS, platformName: WINDOWS, proxy: Proxy(), setWindowRect: true, strictFileInteractability: false, timeouts: {implicit: 0, pageLoad: 300000, script: 30000}, unhandledPromptBehavior: dismiss and notify, webauthn:extension:largeBlob: true, webauthn:virtualAuthenticators: true}
Session ID: 08d04c6717a30fca867424d12ecdece4
at java.base/jdk.internal.reflect.NativeConstructorAccessorImpl.newInstance0(Native Method)
at java.base/jdk.internal.reflect.NativeConstructorAccessorImpl.newInstance(NativeConstructorAccessorImpl.java:78)
at java.base/jdk.internal.reflect.DelegatingConstructorAccessorImpl.newInstance(DelegatingConstructorAccessorImpl.java:45)
at java.base/java.lang.reflect.Constructor.newInstanceWithCaller(Constructor.java:499)
at java.base/java.lang.reflect.Constructor.newInstance(Constructor.java:480)
at org.openqa.selenium.remote.http.W3CHttpResponseCodec.createException(W3CHttpResponseCodec.java:187)
at org.openqa.selenium.remote.http.W3CHttpResponseCodec.decode(W3CHttpResponseCodec.java:122)
at org.openqa.selenium.remote.http.W3CHttpResponseCodec.decode(W3CHttpResponseCodec.java:49)
at org.openqa.selenium.remote.HttpCommandExecutor.execute(HttpCommandExecutor.java:158)
at org.openqa.selenium.remote.service.DriverCommandExecutor.execute(DriverCommandExecutor.java:83)
at org.openqa.selenium.remote.RemoteWebDriver.execute(RemoteWebDriver.java:552)
at org.openqa.selenium.remote.RemoteWebDriver.executeScript(RemoteWebDriver.java:489)
at resources.Base.clickElement(Base.java:109)
at stepsDefinition.ModifyAccountStepsDefinition.user_clicks_on_modify_account(ModifyAccountStepsDefinition.java:48)
at ✽.user clicks on modify account(file:///C:/Users/Leandro/eclipse-workspace/Excercisev1PageFactory/src/test/java/features/04ModifyAccount.feature:14)
]]>
            </full-stacktrace>
          </exception> <!-- org.openqa.selenium.StaleElementReferenceException -->
          <reporter-output>
          </reporter-output>
        </test-method> <!-- runScenario -->
        <test-method is-config="true" signature="tearDownClass()[pri:0, instance:test.Excercisev1PageFactory.TestRunner@1b1473ab]" started-at="2021-06-18T13:04:11 UYT" name="tearDownClass" finished-at="2021-06-18T13:04:11 UYT" duration-ms="63" status="PASS">
          <reporter-output>
          </reporter-output>
        </test-method> <!-- tearDownClass -->
      </class> <!-- test.Excercisev1PageFactory.TestRunner -->
    </test> <!-- NavigateToServiceTest -->
  </suite> <!-- Suite -->
</testng-results>
