<?xml version="1.0" encoding="UTF-8"?>
<testng-results ignored="0" total="6" passed="6" failed="0" skipped="0">
  <reporter-output>
  </reporter-output>
  <suite started-at="2021-06-23T12:34:27 UYT" name="Default suite" finished-at="2021-06-23T12:39:45 UYT" duration-ms="317901">
    <groups>
      <group name="cucumber">
        <method signature="AbstractTestNGCucumberTests.runScenario(io.cucumber.testng.PickleWrapper,io.cucumber.testng.FeatureWrapper)[pri:0, instance:test.Excercisev1PageFactory.TestRunner@37afeb11]" name="runScenario" class="io.cucumber.testng.AbstractTestNGCucumberTests"/>
      </group> <!-- cucumber -->
    </groups>
    <test started-at="2021-06-23T12:34:27 UYT" name="Default test" finished-at="2021-06-23T12:39:45 UYT" duration-ms="317901">
      <class name="test.Excercisev1PageFactory.TestRunner">
        <test-method is-config="true" signature="setUpClass()[pri:0, instance:test.Excercisev1PageFactory.TestRunner@37afeb11]" started-at="2021-06-23T12:34:27 UYT" name="setUpClass" finished-at="2021-06-23T12:34:28 UYT" duration-ms="1072" status="PASS">
          <reporter-output>
          </reporter-output>
        </test-method> <!-- setUpClass -->
        <test-method signature="runScenario(io.cucumber.testng.PickleWrapper,io.cucumber.testng.FeatureWrapper)[pri:0, instance:test.Excercisev1PageFactory.TestRunner@37afeb11]" started-at="2021-06-23T12:34:28 UYT" name="runScenario" description="Runs Cucumber Scenarios" data-provider="scenarios" finished-at="2021-06-23T12:35:48 UYT" duration-ms="79470" status="PASS">
          <params>
            <param index="0">
              <value>
                <![CDATA["Valid login and navigation action"]]>
              </value>
            </param>
            <param index="1">
              <value>
                <![CDATA["Optional[Login action implementation]"]]>
              </value>
            </param>
          </params>
          <reporter-output>
          </reporter-output>
        </test-method> <!-- runScenario -->
        <test-method signature="runScenario(io.cucumber.testng.PickleWrapper,io.cucumber.testng.FeatureWrapper)[pri:0, instance:test.Excercisev1PageFactory.TestRunner@37afeb11]" started-at="2021-06-23T12:35:48 UYT" name="runScenario" description="Runs Cucumber Scenarios" data-provider="scenarios" finished-at="2021-06-23T12:37:06 UYT" duration-ms="78172" status="PASS">
          <params>
            <param index="0">
              <value>
                <![CDATA["Create accounts"]]>
              </value>
            </param>
            <param index="1">
              <value>
                <![CDATA["Optional[Create accounts implementation]"]]>
              </value>
            </param>
          </params>
          <reporter-output>
          </reporter-output>
        </test-method> <!-- runScenario -->
        <test-method signature="runScenario(io.cucumber.testng.PickleWrapper,io.cucumber.testng.FeatureWrapper)[pri:0, instance:test.Excercisev1PageFactory.TestRunner@37afeb11]" started-at="2021-06-23T12:37:06 UYT" name="runScenario" description="Runs Cucumber Scenarios" data-provider="scenarios" finished-at="2021-06-23T12:37:36 UYT" duration-ms="30052" status="PASS">
          <params>
            <param index="0">
              <value>
                <![CDATA["Attempt to create null account"]]>
              </value>
            </param>
            <param index="1">
              <value>
                <![CDATA["Optional[Create accounts implementation]"]]>
              </value>
            </param>
          </params>
          <reporter-output>
          </reporter-output>
        </test-method> <!-- runScenario -->
        <test-method signature="runScenario(io.cucumber.testng.PickleWrapper,io.cucumber.testng.FeatureWrapper)[pri:0, instance:test.Excercisev1PageFactory.TestRunner@37afeb11]" started-at="2021-06-23T12:37:36 UYT" name="runScenario" description="Runs Cucumber Scenarios" data-provider="scenarios" finished-at="2021-06-23T12:38:20 UYT" duration-ms="43397" status="PASS">
          <params>
            <param index="0">
              <value>
                <![CDATA["Create new contact"]]>
              </value>
            </param>
            <param index="1">
              <value>
                <![CDATA["Optional[Create contact implementation]"]]>
              </value>
            </param>
          </params>
          <reporter-output>
          </reporter-output>
        </test-method> <!-- runScenario -->
        <test-method signature="runScenario(io.cucumber.testng.PickleWrapper,io.cucumber.testng.FeatureWrapper)[pri:0, instance:test.Excercisev1PageFactory.TestRunner@37afeb11]" started-at="2021-06-23T12:38:20 UYT" name="runScenario" description="Runs Cucumber Scenarios" data-provider="scenarios" finished-at="2021-06-23T12:39:05 UYT" duration-ms="45017" status="PASS">
          <params>
            <param index="0">
              <value>
                <![CDATA["Modify account with valid data"]]>
              </value>
            </param>
            <param index="1">
              <value>
                <![CDATA["Optional[Modify accounts]"]]>
              </value>
            </param>
          </params>
          <reporter-output>
          </reporter-output>
        </test-method> <!-- runScenario -->
        <test-method signature="runScenario(io.cucumber.testng.PickleWrapper,io.cucumber.testng.FeatureWrapper)[pri:0, instance:test.Excercisev1PageFactory.TestRunner@37afeb11]" started-at="2021-06-23T12:39:05 UYT" name="runScenario" description="Runs Cucumber Scenarios" data-provider="scenarios" finished-at="2021-06-23T12:39:45 UYT" duration-ms="40338" status="PASS">
          <params>
            <param index="0">
              <value>
                <![CDATA["Modify account with invalid employee number data"]]>
              </value>
            </param>
            <param index="1">
              <value>
                <![CDATA["Optional[Modify accounts]"]]>
              </value>
            </param>
          </params>
          <reporter-output>
          </reporter-output>
        </test-method> <!-- runScenario -->
        <test-method is-config="true" signature="tearDownClass()[pri:0, instance:test.Excercisev1PageFactory.TestRunner@37afeb11]" started-at="2021-06-23T12:39:45 UYT" name="tearDownClass" finished-at="2021-06-23T12:39:45 UYT" duration-ms="138" status="PASS">
          <reporter-output>
          </reporter-output>
        </test-method> <!-- tearDownClass -->
      </class> <!-- test.Excercisev1PageFactory.TestRunner -->
    </test> <!-- Default test -->
  </suite> <!-- Default suite -->
</testng-results>
